<?xml version="1.0" encoding="utf-8" standalone="no"?>
<test-results xmlns:xsi="http://www.w3.org/2001/XMLSchema-instance" xsi:noNamespaceSchemaLocation="nunit_schema_2.5.xsd" name="Pester" total="3" errors="0" failures="3" not-run="0" inconclusive="0" ignored="0" skipped="0" invalid="0" date="2026-02-13" time="18:07:58">
  <environment platform="Microsoft Windows 11 Pro N for Workstations|C:\WINDOWS|\Device\Harddisk0\Partition3" machine-name="DESKTOP-7MDKPVP" clr-version="9.0.10" os-version="10.0.26200" nunit-version="2.5.8.0" cwd="C:\dev\code-repos\Student_COM5411_Barmbuzz" user="Student" user-domain="DESKTOP-7MDKPVP" />
  <culture-info current-culture="en-GB" current-uiculture="en-US" />
  <test-suite type="TestFixture" name="Pester" executed="True" result="Failure" success="False" time="0.1632" asserts="0" description="Pester">
    <results>
      <test-suite type="TestFixture" name="C:\dev\code-repos\Student_COM5411_Barmbuzz\Tests\Pester\Baseline.Tests.ps1" executed="True" result="Failure" success="False" time="0.1632" asserts="0" description="C:\dev\code-repos\Student_COM5411_Barmbuzz\Tests\Pester\Baseline.Tests.ps1">
        <results>
          <test-suite type="TestFixture" name="Server Baseline Validation" executed="True" result="Failure" success="False" time="0.0497" asserts="0" description="Server Baseline Validation">
            <results>
              <test-case description="Hostname matches declared intent in AllNodes" name="Server Baseline Validation.Hostname matches declared intent in AllNodes" time="0" asserts="0" success="False" result="Failure" executed="True">
                <failure>
                  <message>This test should run but it did not. Most likely a setup in some parent block failed.</message>
                  <stack-trace />
                </failure>
              </test-case>
              <test-case description="Timezone matches declared intent in AllNodes" name="Server Baseline Validation.Timezone matches declared intent in AllNodes" time="0" asserts="0" success="False" result="Failure" executed="True">
                <failure>
                  <message>This test should run but it did not. Most likely a setup in some parent block failed.</message>
                  <stack-trace />
                </failure>
              </test-case>
              <test-case description="Windows Time service is running" name="Server Baseline Validation.Windows Time service is running" time="0" asserts="0" success="False" result="Failure" executed="True">
                <failure>
                  <message>This test should run but it did not. Most likely a setup in some parent block failed.</message>
                  <stack-trace />
                </failure>
              </test-case>
            </results>
          </test-suite>
        </results>
      </test-suite>
    </results>
  </test-suite>
</test-results>